
 ==============================
 S N O P T  7.2-5    (May 2007)
 ==============================
 
 SNMEMB EXIT 100 -- finished successfully
 SNMEMB INFO 104 -- memory requirements estimated

 ==============================
 S N O P T  7.2-5    (May 2007)
 ==============================
 
 

 Nonlinear constraints      10     Linear constraints       0
 Nonlinear variables         9     Linear variables         0
 Jacobian  variables         9     Objective variables      9
 Total constraints          10     Total variables          9
 

 
 The user has defined      90   out of      90   constraint gradients.
 The user has defined       9   out of       9   objective  gradients.
 

 Major Minors     Step   nCon Feasible  Optimal  MeritFunction    nS Penalty
     0      9               1 (0.0E+00) 2.8E+00  3.4520073E+01     9           r
     1      1  3.7E-01      2 (0.0E+00) 1.4E+00  2.4578645E+01     9         n rl
     2      1  3.6E-01      3 (0.0E+00) 8.3E-01  1.9219432E+01     9         s  l
     3      1  1.0E+00      4 (0.0E+00) 4.6E-01  1.4357157E+01     9
     4      2  1.0E+00      5 (0.0E+00) 1.0E-01  1.0895178E+01     8
     5      1  1.0E+00      6 (0.0E+00) 6.6E-02  1.0346149E+01     8
     6      2  1.0E+00      7 (0.0E+00) 4.3E-02  1.0217994E+01     7
     7      1  1.0E+00      8 (4.4E-17) 4.8E-02  1.0084842E+01     7
     8      2  1.0E+00      9 (0.0E+00) 2.4E-02  9.9079268E+00     6
     9      1  1.0E+00     10 (0.0E+00) 3.8E-02  9.8629874E+00     6

 Major Minors     Step   nCon Feasible  Optimal  MeritFunction    nS Penalty
    10      2  1.0E+00     11 (0.0E+00) 2.1E-02  9.8066273E+00     5
    11      1  1.0E+00     12 (0.0E+00) 2.3E-02  9.7389136E+00     5
    12      2  1.0E+00     13 (0.0E+00) 1.5E-02  9.7249490E+00     6
    13      1  1.0E+00     14 (0.0E+00) 5.7E-03  9.6965209E+00     6
    14      1  1.0E+00     15 (0.0E+00) 4.6E-03  9.6955286E+00     6
    15      1  1.0E+00     16 (0.0E+00) 3.7E-03  9.6941724E+00     6
    16      1  1.0E+00     17 (0.0E+00) 3.3E-03  9.6929516E+00     6
    17      1  1.0E+00     18 (0.0E+00) 4.1E-03  9.6912159E+00     6
    18      1  1.0E+00     19 (0.0E+00) 3.9E-03  9.6891160E+00     6
    19      1  1.0E+00     20 (0.0E+00) 2.2E-03  9.6876796E+00     6

 Major Minors     Step   nCon Feasible  Optimal  MeritFunction    nS Penalty
    20      1  1.0E+00     21 (0.0E+00) 2.3E-03  9.6872797E+00     6
    21      2  1.0E+00     22 (0.0E+00) 2.1E-03  9.6871778E+00     5
    22      1  1.0E+00     23 (0.0E+00) 1.8E-03  9.6870326E+00     5
    23      1  1.0E+00     24 (0.0E+00) 1.0E-03  9.6867984E+00     5
    24      1  1.0E+00     25 (0.0E+00) 7.4E-04  9.6865669E+00     5
    25      1  1.0E+00     26 (0.0E+00) 4.8E-04  9.6865065E+00     5
    26      1  1.0E+00     27 (0.0E+00) 3.8E-04  9.6864939E+00     5
    27      1  1.0E+00     28 (0.0E+00) 3.2E-04  9.6864894E+00     5
    28      1  1.0E+00     29 (0.0E+00) 1.7E-04  9.6864816E+00     5
    29      1  1.0E+00     30 (0.0E+00) 8.9E-05  9.6864770E+00     5

 Major Minors     Step   nCon Feasible  Optimal  MeritFunction    nS Penalty
    30      1  1.0E+00     31 (0.0E+00) 2.4E-05  9.6864756E+00     5
    31      1  1.0E+00     32 (0.0E+00) 1.5E-05  9.6864755E+00     5
    32      1  1.0E+00     33 (0.0E+00) 1.2E-05  9.6864755E+00     5
    33      1  1.0E+00     34 (0.0E+00) 9.4E-06  9.6864755E+00     5
    34      1  1.0E+00     35 (0.0E+00) 9.0E-06  9.6864754E+00     5
    35      1  1.0E+00     36 (0.0E+00) 6.5E-06  9.6864754E+00     5
    36      1  1.0E+00     37 (0.0E+00) 2.2E-06  9.6864754E+00     5
    37      1  1.0E+00     38 (0.0E+00)(5.1E-07) 9.6864754E+00     5
 
 SNOPTC EXIT   0 -- finished successfully
 SNOPTC INFO   1 -- optimality conditions satisfied

 Problem name                 O
 No. of iterations                  52   Objective value      9.6864754364E+00
 No. of major iterations            37   Linear objective     0.0000000000E+00
 Penalty parameter           0.000E+00   Nonlinear objective  9.6864754364E+00
 No. of calls to funobj             39   No. of calls to funcon             39
 No. of superbasics                  5   No. of basic nonlinears             4
 No. of degenerate steps             0   Percentage                       0.00
 Max x                       3 5.7E+00   Max pi                      1 3.4E+00
 Max Primal infeas           0 0.0E+00   Max Dual infeas             9 2.2E-06
 Nonlinear constraint violn    0.0E+00
 
 

 Solution printed on file  18
 
 Time for MPS input                             0.00 seconds
 Time for solving problem                      25.80 seconds
 Time for solution output                       0.00 seconds
 Time for constraint functions                 26.84 seconds
 Time for objective function                    0.00 seconds
